Starting TWRP 3.2.3-0-32aef7a2 on Sat Jan  3 04:14:18 1970
 (pid 207)
TW_NO_REBOOT_RECOVERY := true
TW_NO_REBOOT_BOOTLOADER := true
RECOVERY_SDCARD_ON_DATA := true
I:Lun file '/sys/class/android_usb/android0/f_mass_storage/lun0/file' does not exist, USB storage mode disabled
TW_INCLUDE_CRYPTO := true
I:TW_BRIGHTNESS_PATH := /sys/class/leds/lcd-backlight/brightness
I:Found brightness file at '/sys/class/leds/lcd-backlight/brightness'
I:Got max brightness 255 from '/sys/class/leds/lcd-backlight/max_brightness'
I:TWFunc::Set_Brightness: Setting brightness control to 255
I:LANG: en
Starting the UI...
setting DRM_FORMAT_RGB565 and GGL_PIXEL_FORMAT_RGB_565
cannot find/open a drm device: No such file or directory
fb0 reports (possibly inaccurate):
  vi.bits_per_pixel = 32
  vi.red.offset   =  24   .length =   8
  vi.green.offset =  16   .length =   8
  vi.blue.offset  =   8   .length =   8
setting GGL_PIXEL_FORMAT_RGBX_8888
double buffered
framebuffer: 0 (720 x 1280)
Using fbdev graphics.
I:TWFunc::Set_Brightness: Setting brightness control to 255
I:Loading package: splash (/twres/splash.xml)
I:Load XML directly
I:PageManager::LoadFileToBuffer loading filename: '/twres/splash.xml' directly
I:Checking resolution...
I:Scaling theme width 0.666667x and height 0.666667x, offsets x: 0 y: 0 w: 0 h: 0
I:Loading resources...
I:Loading variables...
I:Loading mouse cursor...
I:Loading pages...
I:Loading page splash
I:Switching packages (splash)
=> Linking mtab
=> Processing /etc/recovery.fstab
I:Reading /etc/recovery.fstab
I:Processing '/boot'
I:Processing '/cache'
I:Processing '/data'
I:Processing '/system'
I:Processing '/external_sd'
I:Created '/external_sd' folder.
I:Processing '/usb-otg'
I:Created '/usb-otg' folder.
I:Done processing fstab files
I:Setting up '/data' as data/media emulated storage.
I:mount -o bind '/data/media' '/sdcard' process ended with RC=0
I:mount -o bind '/data/media/0' '/sdcard' process ended with RC=0
I:Setting up '/data' as data/media emulated storage.
I:mount -o bind '/data/media' '/sdcard' process ended with RC=0
I:mount -o bind '/data/media/0' '/sdcard' process ended with RC=0
I:Backup folder set to '/data/media/0/TWRP/BACKUPS/YT911603MQ'
I:Settings storage is '/data/media/0'
I:Decrypt adopted storage starting
I:PageManager::LoadFileToBuffer loading filename: '/data/system/storage.xml' directly
I:successfully loaded storage.xml
Updating partition details...
I:Data backup size is 1774MB, free: 4135MB.
I:Unable to mount '/usb-otg'
I:Actual block device: '', current file system: 'auto'
...done
I:Unmounting main partitions...


Partition Logs:
/boot | /dev/block/mmcblk0p14 | Size: 20MB
   Flags: Can_Be_Backed_Up IsPresent Can_Flash_Img 
   Primary_Block_Device: /dev/block/mmcblk0p14
   Display_Name: Boot "Kernel"
   Storage_Name: Boot "Kernel"
   Backup_Path: /boot
   Backup_Name: boot
   Backup_Display_Name: Boot "Kernel"
   Storage_Path: /boot
   Current_File_System: emmc
   Fstab_File_System: emmc
   Backup_Method: dd

/cache | /dev/block/mmcblk0p24 | Size: 196MB Used: 4MB Free: 192MB Backup Size: 4MB
   Flags: Can_Be_Mounted Can_Be_Wiped Can_Be_Backed_Up Wipe_During_Factory_Reset Wipe_Available_in_GUI IsPresent 
   Primary_Block_Device: /dev/block/mmcblk0p24
   Display_Name: Cache
   Storage_Name: Cache
   Backup_Path: /cache
   Backup_Name: cache
   Backup_Display_Name: Cache
   Storage_Path: /cache
   Current_File_System: ext4
   Fstab_File_System: ext4
   Backup_Method: files

/data | /dev/block/mmcblk0p25 | Size: 11880MB Used: 1774MB Free: 4135MB Backup Size: 1774MB
   Flags: Can_Be_Mounted Can_Be_Wiped Can_Be_Backed_Up Wipe_During_Factory_Reset Wipe_Available_in_GUI IsPresent Can_Be_Encrypted Has_Data_Media Can_Encrypt_Backup Use_Userdata_Encryption Is_Storage Is_Settings_Storage Retain_Layout_Version 
   Symlink_Path: /data/media/0
   Symlink_Mount_Point: /sdcard
   Primary_Block_Device: /dev/block/mmcblk0p25
   Length: -16384
   Display_Name: Data
   Storage_Name: Internal Storage
   Backup_Path: /data
   Backup_Name: data
   Backup_Display_Name: Data
   Storage_Path: /data/media/0
   Current_File_System: ext4
   Fstab_File_System: ext4
   Backup_Method: files
   MTP_Storage_ID: 65537

/system | /dev/block/mmcblk0p23 | Size: 2507MB Used: 1517MB Free: 990MB Backup Size: 1517MB
   Flags: Can_Be_Mounted Can_Be_Wiped Can_Be_Backed_Up Wipe_Available_in_GUI IsPresent Mount_To_Decrypt Mount_Read_Only 
   Primary_Block_Device: /dev/block/mmcblk0p23
   Display_Name: System
   Storage_Name: System
   Backup_Path: /system
   Backup_Name: system
   Backup_Display_Name: System
   Storage_Path: /system
   Current_File_System: ext4
   Fstab_File_System: ext4
   Backup_Method: files

/external_sd | /dev/block/mmcblk1p1 | Size: 29464MB Used: 26451MB Free: 3013MB Backup Size: 26451MB
   Flags: Can_Be_Mounted Can_Be_Wiped Wipe_Available_in_GUI Removable IsPresent Is_Storage 
   Primary_Block_Device: /dev/block/mmcblk1p1
   Alternate_Block_Device: /dev/block/mmcblk1
   Display_Name: MicroSD card
   Storage_Name: MicroSD card
   Backup_Path: /external_sd
   Backup_Name: external_sd
   Backup_Display_Name: MicroSD card
   Storage_Path: /external_sd
   Current_File_System: vfat
   Fstab_File_System: auto
   Backup_Method: files
   MTP_Storage_ID: 65538

/usb-otg |  | Size: 0MB Used: 0MB Free: 0MB Backup Size: 0MB
   Flags: Can_Be_Mounted Can_Be_Wiped Wipe_Available_in_GUI Removable Is_Storage 
   Primary_Block_Device: /dev/block/sda1
   Alternate_Block_Device: /dev/block/sda
   Display_Name: USB OTG
   Storage_Name: USB OTG
   Backup_Path: /usb-otg
   Backup_Name: usb-otg
   Backup_Display_Name: USB OTG
   Storage_Path: /usb-otg
   Current_File_System: auto
   Fstab_File_System: auto
   Backup_Method: files
   MTP_Storage_ID: 65539

I:Loading package: TWRP (/data/media/0/TWRP/theme/ui.zip)
I:Loading zip theme
I:Loading package: TWRP (/twres/ui.xml)
I:Load XML directly
I:PageManager::LoadFileToBuffer loading filename: '/twres/languages/zh_TW.xml' directly
I:PageManager::LoadFileToBuffer loading filename: '/twres/languages/zh_CN.xml' directly
I:PageManager::LoadFileToBuffer loading filename: '/twres/languages/uk.xml' directly
I:PageManager::LoadFileToBuffer loading filename: '/twres/languages/tr.xml' directly
I:PageManager::LoadFileToBuffer loading filename: '/twres/languages/sv.xml' directly
I:PageManager::LoadFileToBuffer loading filename: '/twres/languages/sl.xml' directly
I:PageManager::LoadFileToBuffer loading filename: '/twres/languages/sk.xml' directly
I:PageManager::LoadFileToBuffer loading filename: '/twres/languages/ru.xml' directly
I:PageManager::LoadFileToBuffer loading filename: '/twres/languages/pt_PT.xml' directly
I:PageManager::LoadFileToBuffer loading filename: '/twres/languages/pt_BR.xml' directly
I:PageManager::LoadFileToBuffer loading filename: '/twres/languages/pl.xml' directly
I:PageManager::LoadFileToBuffer loading filename: '/twres/languages/nl.xml' directly
I:PageManager::LoadFileToBuffer loading filename: '/twres/languages/ja.xml' directly
I:PageManager::LoadFileToBuffer loading filename: '/twres/languages/it.xml' directly
I:PageManager::LoadFileToBuffer loading filename: '/twres/languages/hu.xml' directly
I:PageManager::LoadFileToBuffer loading filename: '/twres/languages/fr.xml' directly
I:PageManager::LoadFileToBuffer loading filename: '/twres/languages/es.xml' directly
I:PageManager::LoadFileToBuffer loading filename: '/twres/languages/en.xml' directly
I:PageManager::LoadFileToBuffer loading filename: '/twres/languages/el.xml' directly
I:PageManager::LoadFileToBuffer loading filename: '/twres/languages/de.xml' directly
I:PageManager::LoadFileToBuffer loading filename: '/twres/languages/cz.xml' directly
I:PageManager::LoadFileToBuffer loading filename: '/twres/languages/en.xml' directly
parsing languageFile
parsing languageFile done
I:PageManager::LoadFileToBuffer loading filename: '/twres/ui.xml' directly
I:Checking resolution...
I:Scaling theme width 0.666667x and height 0.666667x, offsets x: 0 y: 0 w: 0 h: 0
I:Loading resources...
I:Failed to load image from indeterminate013, error -1
I:Loading variables...
I:Loading mouse cursor...
I:Loading pages...
I:Including file: /twres/portrait.xml...
I:PageManager::LoadFileToBuffer loading filename: '/twres/portrait.xml' directly
I:Loading resources...
I:Loading variables...
I:Loading mouse cursor...
I:Loading pages...
I:Loading page main
I:Loading page main2
I:Loading page install
I:Loading page flash_confirm
I:Loading page flash_zip
I:Loading page flash_done
I:Loading page flash_sleep_and_reboot
I:Loading page flashimage_confirm
I:Loading page clear_vars
I:Loading page reboot_system_routine
I:Loading page confirm_action
I:Loading page action_page
I:Loading page singleaction_page
I:Loading page action_complete
I:Loading page filecheck
I:Loading page rebootcheck
I:Loading page appcheck
I:Loading page wipe
I:Loading page advancedwipe
I:Loading page formatdata
I:Loading page formatdata_confirm
I:Loading page checkpartitionlist
I:Loading page partitionoptions
I:Loading page refreshfilesystem
I:Loading page selectfilesystem
I:Loading page backup
I:Loading page backup_options
I:Loading page backupname1
I:Loading page backupname2
I:Loading page backupencryption
I:Loading page backupencryption2
I:Loading page checkbackuppassword
I:Loading page backup_run
I:Loading page restore
I:Unable to open '/data/media/0/TWRP/BACKUPS/YT911603MQ'
I:Loading page restore_read
I:Loading page restore_decrypt
I:Loading page try_restore_decrypt
I:Loading page restore_select
I:Loading page renamebackup
I:Loading page restore_run
I:Loading page mount
I:Loading page usb_mount
I:Loading page usb_umount
I:Loading page system_readonly_check
I:Loading page reboot
I:Loading page rebootapp
I:Loading page system_readonly
I:Loading page settings
I:Loading page settings_timezone
I:Loading page settings_screen
I:Loading page settings_vibration
I:Loading page settings_language
I:Loading page copylog
I:Loading page advanced
I:Loading page partsdcardsel
I:Loading page partsdcardcheck
I:Loading page partsdcard
I:Loading page htcdumlock
I:Loading page lock
I:Loading page filemanagerlist
I:Loading page filemanageroptions
I:Loading page choosedestinationfolder
I:Loading page filemanagerrenamefile
I:Loading page filemanagerrenamefolder
I:Loading page filemanagerchmod
I:Loading page filemanagerconfirm
I:Loading page filemanageraction
I:Loading page decrypt
I:Loading page decrypt_pattern
I:Loading page trydecrypt
I:Loading page terminalcommand
I:Loading page sideload
I:Loading page fixcontexts
I:Loading page slideout
I:Loading page select_storage
I:Loading page select_language
I:Set page: 'clear_vars'
I:Set page: 'main2'
I:Switching packages (TWRP)
SELinux contexts loaded from /file_contexts
Full SELinux support is present.


Startup Commands: 
dalvik.vm.isa.arm.variant=krait
dalvik.vm.isa.arm.features=default
dalvik.vm.heapsize=512m
dalvik.vm.lockprof.threshold=500
dalvik.vm.heapmaxfree=8m
dalvik.vm.heapminfree=512k
dalvik.vm.heapstartsize=8m
dalvik.vm.heapgrowthlimit=192m
dalvik.vm.stack-trace-file=/data/anr/traces.txt
dalvik.vm.image-dex2oat-filter=verify-at-runtime
dalvik.vm.heaptargetutilization=0.75
ro.build.fingerprint=Sony/omni_aries/aries:7.1.2/NJH47F/luis08232107:eng/test-keys
ro.sf.lcd_density=320
ro.adb.secure=0
ro.usb.pid_suffix=1BB
ro.boot.emmc=true
ro.boot.baseband=msm
ro.boot.hardware=qcom
ro.boot.serialno=YT911603MQ
ro.boot.bootloader=s1
ro.omni.device=z3c
ro.twrp.boot=1
ro.twrp.version=3.2.3-0
ro.wifi.channels=
ro.allow.mock.location=1
ro.board.platform=msm8974
ro.build.id=NJH47F
ro.build.date=jue ago 23 21:07:44 -05 2018
ro.build.date.utc=0
ro.build.host=ShadowElite
ro.build.tags=test-keys
ro.build.type=eng
ro.build.user=luis
ro.build.flavor=omni_aries-eng
ro.build.display.id=omni_aries-eng 7.1.2 NJH47F eng.luis.20180823.210744 test-keys
ro.build.product=z3c
ro.build.version.sdk=25
ro.build.version.base_os=
ro.build.version.release=7.1.2
ro.build.version.codename=REL
ro.build.version.incremental=eng.luis.20180823.210744
ro.build.version.preview_sdk=0
ro.build.version.all_codenames=REL
ro.build.version.security_patch=2017-11-06
ro.build.description=omni_aries-eng 7.1.2 NJH47F eng.luis.20180823.210744 test-keys
ro.build.characteristics=default
ro.kernel.android.checkjni=1
ro.secure=0
ro.product.cpu.abi=armeabi-v7a
ro.product.cpu.abi2=armeabi
ro.product.cpu.abilist=armeabi-v7a,armeabi
ro.product.cpu.abilist32=armeabi-v7a,armeabi
ro.product.cpu.abilist64=
ro.product.name=omni_aries
ro.product.board=D5803
ro.product.brand=Sony
ro.product.model=Xperia Z3 Compact
ro.product.device=z3c
ro.product.manufacturer=Sony
ro.baseband=msm
ro.bootmode=unknown
ro.hardware=qcom
ro.revision=0
ro.serialno=YT911603MQ
ro.bootimage.build.date=jue ago 23 21:07:44 -05 2018
ro.bootimage.build.date.utc=1535076464
ro.bootimage.build.fingerprint=Sony/omni_aries/aries:7.1.2/NJH47F/luis08232107:eng/test-keys
ro.bootloader=s1
ro.debuggable=1
init.svc.adbd=running
init.svc.ueventd=running
init.svc.recovery=running
init.svc.ldconfigtxt=stopped
init.svc.set_permissive=stopped
twrp.crash_counter=0
twrp.action_complete=0
service.adb.root=1
debug.atrace.tags.enableflags=0
sys.usb.ffs.ready=1
net.bt.name=Android
net.change=net.bt.name
persist.sys.usb.config=adb
persist.sys.dalvik.vm.lib.2=libart.so

I:Copying file /cache/recovery/log to /cache/recovery/last_log
tw_get_context got selinux context: u:object_r:media_rw_data_file:s0
I:Got default contexts and file mode for storage files.
I:Attempt to load settings from settings file...
I:InfoManager loading from '/data/media/0/TWRP/.twrps'.
I:Backup folder set to '/data/media/0/TWRP/BACKUPS/YT911603MQ'
I:Copying file /etc/recovery.fstab to /cache/recovery/recovery.fstab
I:Version number saved to '/cache/recovery/.version'
I:Unable to mount '/usb-otg'
I:Actual block device: '', current file system: 'auto'
I:TWFunc::Set_Brightness: Setting brightness control to 51
I:PageManager::LoadFileToBuffer loading filename: '/twres/languages/de.xml' directly
parsing languageFile
parsing languageFile done
I:Translating partition display names
I:Backup folder set to '/data/media/0/TWRP/BACKUPS/YT911603MQ'
I:TWFunc::Fixup_Time: Pre-fix date and time: 1970-01-03--06-14-20
I:TWFunc::Fixup_Time: Setting time offset from file /sys/class/rtc/rtc0/since_epoch
I:TWFunc::Fixup_Time: will attempt to use the ats files now.
I:TWFunc::Fixup_Time: no ats files found, leaving untouched!
I:TWFunc::Fixup_Time: Setting time offset from twrp setting file, offset 1635921971000
I:TWFunc::Fixup_Time: Date and time corrected: 2021-11-05--12-00-32
I:Starting MTP
I:[MTP] Starting MTP
I:sending message to add 65537 '/data/media/0' 'Interner Speicher'
I:Message sent, add storage ID: 65537 '/data/media/0'
I:sending message to add 65538 '/external_sd' 'Micro SD-Karte'
I:Message sent, add storage ID: 65538 '/external_sd'
MTP aktiviert
I:Check_Lifetime_Writes result: '498973'
I:Switching packages (TWRP)
I:Starting Adb Backup FIFO
I:Set page: 'main'
I:Set page: 'clear_vars'
I:Set page: 'main2'
I:[MTP] created new mtpserver object
I:[MTP] MtpServer::run fd: 17
I:[MTP] mtppipe add storage 65537 '/data/media/0'
I:[MTP] MtpStorage id: 65537 path: /data/media/0
I:[MTP] mtppipe add storage 65538 '/external_sd'
I:[MTP] MtpStorage id: 65538 path: /external_sd
I:Set page: 'settings'
I:Set page: 'main'
I:Set page: 'clear_vars'
I:Set page: 'main2'
I:Set page: 'advanced'
I:Set page: 'copylog'
I:Set page: 'action_page'
I:operation_start: 'Copy Log'
I:Copying file /tmp/recovery.log to /data/media/0/recovery.log
