- Device platform: armeabi-v7a
- Installing: d232cba0 (23012)
- Copying image to cache
Parsing boot image: [/data/user_de/0/com.topjohnwu.magisk/install/boot.img]
HEADER_VER      [0]
KERNEL_SZ       [5914162]
RAMDISK_SZ      [1165060]
- Unpacking boot image
SECOND_SZ       [0]
EXTRA_SZ        [0]
OS_VERSION      [11.0.0]
OS_PATCH_LEVEL  [2021-10]
PAGESIZE        [2048]
NAME            []
CMDLINE         [androidboot.hardware=qcom msm_rtb.filter=0x37 ehci-hcd.park=3 dwc3.maximum_speed=high dwc3_msm.prop_chg_detect=Y vmalloc=300M buildvariant=user]
CHECKSUM        [145b02a3621f9159aecf651d407acce76059a689000000000000000000000000]
KERNEL_DTB_SZ   [237898]
ZIMAGE_KERNEL
KERNEL_FMT      [gzip]
RAMDISK_FMT     [lzma]
Loading cpio: [ramdisk.cpio]
- Checking ramdisk status
- Stock boot image detected
- Patching ramdisk
Loading cpio: [ramdisk.cpio]
Add entry [init] (0750)
Create directory [overlay.d] (0750)
Create directory [overlay.d/sbin] (0750)
Add entry [overlay.d/sbin/magisk32.xz] (0644)
Patch with flag KEEPVERITY=[true] KEEPFORCEENCRYPT=[false]
Loading cpio: [ramdisk.cpio.orig]
Backup mismatch entry: [init] -> [.backup/init]
Record new entry: [overlay.d] -> [.backup/.rmlist]
Record new entry: [overlay.d/sbin] -> [.backup/.rmlist]
Record new entry: [overlay.d/sbin/magisk32.xz] -> [.backup/.rmlist]
Create directory [.backup] (0000)
Add entry [.backup/.magisk] (0000)
Dump cpio: [ramdisk.cpio]
Loading dtbs from [kernel_dtb]
- Repacking boot image
Parsing boot image: [/data/user_de/0/com.topjohnwu.magisk/install/boot.img]
HEADER_VER      [0]
KERNEL_SZ       [5914162]
RAMDISK_SZ      [1165060]
SECOND_SZ       [0]
EXTRA_SZ        [0]
OS_VERSION      [11.0.0]
OS_PATCH_LEVEL  [2021-10]
PAGESIZE        [2048]
NAME            []
CMDLINE         [androidboot.hardware=qcom msm_rtb.filter=0x37 ehci-hcd.park=3 dwc3.maximum_speed=high dwc3_msm.prop_chg_detect=Y vmalloc=300M buildvariant=user]
CHECKSUM        [145b02a3621f9159aecf651d407acce76059a689000000000000000000000000]
KERNEL_DTB_SZ   [237898]
ZIMAGE_KERNEL
KERNEL_FMT      [gzip]
RAMDISK_FMT     [lzma]
Repack to boot image: [new-boot.img]
HEADER_VER      [0]
KERNEL_SZ       [5914162]
RAMDISK_SZ      [1408640]
SECOND_SZ       [0]
EXTRA_SZ        [0]
OS_VERSION      [11.0.0]
OS_PATCH_LEVEL  [2021-10]
PAGESIZE        [2048]
NAME            []
CMDLINE         [androidboot.hardware=qcom msm_rtb.filter=0x37 ehci-hcd.park=3 dwc3.maximum_speed=high dwc3_msm.prop_chg_detect=Y vmalloc=300M buildvariant=user]
CHECKSUM        [b27f91af65a0ed506f2ad38701a4de6fa0e716d9000000000000000000000000]

****************************
 Output file is written to 
 /storage/emulated/0/Download/magisk_patched-23012_dX6SF.img 
****************************
cp: can't preserve ownership of 'busybox': Operation not permitted
cp: can't preserve ownership of 'magisk32': Operation not permitted
cp: can't preserve ownership of 'magiskboot': Operation not permitted
cp: can't preserve ownership of 'magiskinit': Operation not permitted
- All done!
